#16 2.851 
#16 2.851 The following packages have unmet dependencies:
#16 2.956  mysql-community-client : Depends: libc6 (>= 2.29) but 2.27-3ubuntu1.6 is to be installed
#16 2.956                           Depends: libgcc-s1 (>= 3.4) but it is not installable
#16 2.956                           Depends: mysql-community-client-core (= 8.0.33-1debian11) but it is not going to be installed
#16 2.956  mysql-community-server-core : Depends: libc6 (>= 2.30) but 2.27-3ubuntu1.6 is to be installed
#16 2.956                                Depends: libgcc-s1 (>= 3.4) but it is not installable
#16 2.956                                Depends: libstdc++6 (>= 9) but 8.4.0-1ubuntu1~18.04 is to be installed
#16 2.956                                Depends: libtirpc3 (>= 1.0.2) but it is not installable
#16 2.970 E: Unable to correct problems, you have held broken packages.
------

libgcc-8-dev libstdc++6-8-dbg



#10 2.829  mysql-community-client : Depends: libc6 (>= 2.29) but 2.27-3ubuntu1.6 is to be installed
#10 2.829                           Depends: libgcc-s1 (>= 3.4) but it is not installable
#10 2.829                           Depends: mysql-community-client-core (= 8.0.33-1debian11) but it is not going to be installed
#10 2.829  mysql-community-server-core : Depends: libc6 (>= 2.30) but 2.27-3ubuntu1.6 is to be installed
#10 2.829                                Depends: libgcc-s1 (>= 3.4) but it is not installable
#10 2.829                                Depends: libstdc++6 (>= 9) but 8.4.0-1ubuntu1~18.04 is to be installed
#10 2.829                                Depends: libtirpc3 (>= 1.0.2) but it is not installable
#10 2.841 E: Unable to correct problems, you have held broken packages.
